2025-08-08 13:56:49 [scrapy.utils.log] INFO: Scrapy 2.11.1 started (bot: masothue)
2025-08-08 13:56:49 [scrapy.utils.log] INFO: Versions: lxml 5.2.1.0, libxml2 2.10.4, cssselect 1.2.0, parsel 1.8.1, w3lib 2.0.0, Twisted 23.10.0, Python 3.12.7 | packaged by Anaconda, Inc. | (main, Oct  4 2024, 13:27:36) [GCC 11.2.0], pyOpenSSL 24.2.1 (OpenSSL 3.0.16 11 Feb 2025), cryptography 43.0.0, Platform Linux-6.14.0-27-generic-x86_64-with-glibc2.39
2025-08-08 13:56:49 [scrapy.addons] INFO: Enabled addons:
[]
2025-08-08 13:56:49 [py.warnings] WARNING: /home/hoanganh12/anaconda3/lib/python3.12/site-packages/scrapy/utils/request.py:254: ScrapyDeprecationWarning: '2.6' is a deprecated value for the 'REQUEST_FINGERPRINTER_IMPLEMENTATION' setting.

It is also the default value. In other words, it is normal to get this warning if you have not defined a value for the 'REQUEST_FINGERPRINTER_IMPLEMENTATION' setting. This is so for backward compatibility reasons, but it will change in a future version of Scrapy.

See the documentation of the 'REQUEST_FINGERPRINTER_IMPLEMENTATION' setting for information on how to handle this deprecation.
  return cls(crawler)

2025-08-08 13:56:49 [scrapy.utils.log] DEBUG: Using reactor: twisted.internet.epollreactor.EPollReactor
2025-08-08 13:56:49 [scrapy.extensions.telnet] INFO: Telnet Password: 100109a73792d220
2025-08-08 13:56:49 [scrapy.middleware] INFO: Enabled extensions:
['scrapy.extensions.corestats.CoreStats',
 'scrapy.extensions.telnet.TelnetConsole',
 'scrapy.extensions.memusage.MemoryUsage',
 'scrapy.extensions.logstats.LogStats',
 'scrapy.extensions.throttle.AutoThrottle']
2025-08-08 13:56:49 [scrapy.crawler] INFO: Overridden settings:
{'AUTOTHROTTLE_ENABLED': True,
 'AUTOTHROTTLE_MAX_DELAY': 10,
 'AUTOTHROTTLE_START_DELAY': 2,
 'BOT_NAME': 'masothue',
 'CONCURRENT_REQUESTS': 8,
 'CONCURRENT_REQUESTS_PER_DOMAIN': 4,
 'COOKIES_ENABLED': False,
 'DOWNLOAD_DELAY': 1.0,
 'DOWNLOAD_FAIL_ON_DATALOSS': False,
 'DUPEFILTER_CLASS': 'scrapy_splash.SplashAwareDupeFilter',
 'HTTPCACHE_STORAGE': 'scrapy_splash.SplashAwareFSCacheStorage',
 'LOG_FILE': '/home/hoanganh12/masothue/data/raw/logs/default/link_spider/2025-08-08T13_56_45.log',
 'NEWSPIDER_MODULE': 'masothue.spiders',
 'RETRY_HTTP_CODES': [500, 502, 503, 504, 522, 524, 408, 403, 407],
 'RETRY_TIMES': 5,
 'SPIDER_MODULES': ['masothue.spiders'],
 'USER_AGENT': 'Mozilla/5.0 (Windows NT 10.0; Win64; x64) AppleWebKit/537.36 '
               '(KHTML, like Gecko) Chrome/115.0.0.0 Safari/537.36'}
2025-08-08 13:56:49 [scrapy.middleware] INFO: Enabled downloader middlewares:
['scrapy.downloadermiddlewares.httpauth.HttpAuthMiddleware',
 'scrapy.downloadermiddlewares.downloadtimeout.DownloadTimeoutMiddleware',
 'masothue.middleware.TMProxyMiddleware',
 'scrapy.downloadermiddlewares.defaultheaders.DefaultHeadersMiddleware',
 'scrapy.downloadermiddlewares.useragent.UserAgentMiddleware',
 'masothue.middleware.TMProxyRetryMiddleware',
 'scrapy.downloadermiddlewares.redirect.MetaRefreshMiddleware',
 'scrapy.downloadermiddlewares.redirect.RedirectMiddleware',
 'scrapy_splash.SplashCookiesMiddleware',
 'scrapy_splash.SplashMiddleware',
 'scrapy.downloadermiddlewares.httpproxy.HttpProxyMiddleware',
 'scrapy.downloadermiddlewares.httpcompression.HttpCompressionMiddleware',
 'scrapy.downloadermiddlewares.stats.DownloaderStats']
2025-08-08 13:56:49 [scrapy.middleware] INFO: Enabled spider middlewares:
['scrapy.spidermiddlewares.httperror.HttpErrorMiddleware',
 'scrapy_splash.SplashDeduplicateArgsMiddleware',
 'scrapy.spidermiddlewares.offsite.OffsiteMiddleware',
 'scrapy.spidermiddlewares.referer.RefererMiddleware',
 'scrapy.spidermiddlewares.urllength.UrlLengthMiddleware',
 'scrapy.spidermiddlewares.depth.DepthMiddleware']
2025-08-08 13:56:49 [scrapy.middleware] INFO: Enabled item pipelines:
['masothue.pipelines.PostgresPipeline']
2025-08-08 13:56:49 [scrapy.core.engine] INFO: Spider opened
2025-08-08 13:56:49 [scrapy.extensions.logstats] INFO: Crawled 0 pages (at 0 pages/min), scraped 0 items (at 0 items/min)
2025-08-08 13:56:49 [scrapy.extensions.telnet] INFO: Telnet console listening on 127.0.0.1:6024
2025-08-08 13:56:49 [urllib3.connectionpool] DEBUG: Starting new HTTPS connection (1): tmproxy.com:443
2025-08-08 13:56:49 [urllib3.connectionpool] DEBUG: https://tmproxy.com:443 "POST /api/proxy/get-new-proxy HTTP/11" 200 None
2025-08-08 13:56:49 [masothue.middleware] WARNING: [TMProxy] Chưa thể đổi proxy → dùng lại proxy cũ
2025-08-08 13:56:49 [link_spider] WARNING: [TMProxy] Không lấy được proxy!
2025-08-08 13:56:50 [link_spider] WARNING: [TMProxy] Lỗi HTTP 403 → đổi proxy + retry
2025-08-08 13:56:50 [urllib3.connectionpool] DEBUG: Starting new HTTPS connection (1): tmproxy.com:443
2025-08-08 13:56:50 [urllib3.connectionpool] DEBUG: https://tmproxy.com:443 "POST /api/proxy/get-new-proxy HTTP/11" 200 None
2025-08-08 13:56:50 [masothue.middleware] WARNING: [TMProxy] Chưa thể đổi proxy → dùng lại proxy cũ
2025-08-08 13:56:50 [link_spider] ERROR: [TMProxy] Không thể lấy proxy mới hoặc dùng lại proxy cũ → bỏ qua request
2025-08-08 13:56:50 [scrapy.core.engine] INFO: Closing spider (finished)
2025-08-08 13:56:50 [scrapy.statscollectors] INFO: Dumping Scrapy stats:
{'downloader/request_bytes': 327,
 'downloader/request_count': 1,
 'downloader/request_method_count/GET': 1,
 'downloader/response_bytes': 1703,
 'downloader/response_count': 1,
 'downloader/response_status_count/403': 1,
 'elapsed_time_seconds': 0.724825,
 'finish_reason': 'finished',
 'finish_time': datetime.datetime(2025, 8, 8, 6, 56, 50, 511539, tzinfo=datetime.timezone.utc),
 'httpcompression/response_bytes': 1428,
 'httpcompression/response_count': 1,
 'log_count/DEBUG': 5,
 'log_count/ERROR': 1,
 'log_count/INFO': 10,
 'log_count/WARNING': 5,
 'memusage/max': 75423744,
 'memusage/startup': 75423744,
 'scheduler/dequeued': 1,
 'scheduler/dequeued/memory': 1,
 'scheduler/enqueued': 1,
 'scheduler/enqueued/memory': 1,
 'start_time': datetime.datetime(2025, 8, 8, 6, 56, 49, 786714, tzinfo=datetime.timezone.utc)}
2025-08-08 13:56:50 [scrapy.core.engine] INFO: Spider closed (finished)
